Arguments: 
  /usr/local/Cellar/node/9.5.0/bin/node /usr/local/Cellar/yarn/1.3.2/libexec/bin/yarn.js

PATH: 
  /usr/local/sbin:/usr/local/bin:/usr/bin:/bin:/usr/sbin:/sbin:/usr/local/bin:/Users/markusbertling/anaconda/bin

Yarn version: 
  1.3.2

Node version: 
  9.5.0

Platform: 
  darwin x64

npm manifest: 
  {
    "name": "server",
    "version": "1.0.0",
    "description": "server listening to the image classifier",
    "main": "index.js",
    "author": "Markus Siering",
    "license": "MIT",
    "private": true,
    "dependencies": {
      "express": "^4.16.2",
      "http": "^0.0.0",
      "osc": "^2.2.0",
      "ws": "^3.3.1"
    }
  }

yarn manifest: 
  No manifest

Lockfile: 
  # THIS IS AN AUTOGENERATED FILE. DO NOT EDIT THIS FILE DIRECTLY.
  # yarn lockfile v1
  
  
  abbrev@1:
    version "1.1.1"
    resolved "http://npmo.dc.xing.com:8080/a/abbrev/_attachments/abbrev-1.1.1.tgz#f8f2c887ad10bf67f634f005b6987fed3179aac8"
  
  accepts@~1.3.4:
    version "1.3.4"
    resolved "http://npmo.dc.xing.com:8080/a/accepts/_attachments/accepts-1.3.4.tgz#86246758c7dd6d21a6474ff084a4740ec05eb21f"
    dependencies:
      mime-types "~2.1.16"
      negotiator "0.6.1"
  
  ajv@^4.9.1:
    version "4.11.8"
    resolved "http://npmo.dc.xing.com:8080/a/ajv/_attachments/ajv-4.11.8.tgz#82ffb02b29e662ae53bdc20af15947706739c536"
    dependencies:
      co "^4.6.0"
      json-stable-stringify "^1.0.1"
  
  ansi-regex@^2.0.0:
    version "2.1.1"
    resolved "http://npmo.dc.xing.com:8080/a/ansi-regex/_attachments/ansi-regex-2.1.1.tgz#c3b33ab5ee360d86e0e628f0468ae7ef27d654df"
  
  aproba@^1.0.3:
    version "1.2.0"
    resolved "http://npmo.dc.xing.com:8080/a/aproba/_attachments/aproba-1.2.0.tgz#6802e6264efd18c790a1b0d517f0f2627bf2c94a"
  
  are-we-there-yet@~1.1.2:
    version "1.1.4"
    resolved "http://npmo.dc.xing.com:8080/a/are-we-there-yet/_attachments/are-we-there-yet-1.1.4.tgz#bb5dca382bb94f05e15194373d16fd3ba1ca110d"
    dependencies:
      delegates "^1.0.0"
      readable-stream "^2.0.6"
  
  array-flatten@1.1.1:
    version "1.1.1"
    resolved "http://npmo.dc.xing.com:8080/a/array-flatten/_attachments/array-flatten-1.1.1.tgz#9a5f699051b1e7073328f2a008968b64ea2955d2"
  
  asn1@~0.2.3:
    version "0.2.3"
    resolved "http://npmo.dc.xing.com:8080/a/asn1/_attachments/asn1-0.2.3.tgz#dac8787713c9966849fc8180777ebe9c1ddf3b86"
  
  assert-plus@1.0.0, assert-plus@^1.0.0:
    version "1.0.0"
    resolved "http://npmo.dc.xing.com:8080/a/assert-plus/_attachments/assert-plus-1.0.0.tgz#f12e0f3c5d77b0b1cdd9146942e4e96c1e4dd525"
  
  assert-plus@^0.2.0:
    version "0.2.0"
    resolved "http://npmo.dc.xing.com:8080/a/assert-plus/_attachments/assert-plus-0.2.0.tgz#d74e1b87e7affc0db8aadb7021f3fe48101ab234"
  
  async-limiter@~1.0.0:
    version "1.0.0"
    resolved "http://npmo.dc.xing.com:8080/a/async-limiter/_attachments/async-limiter-1.0.0.tgz#78faed8c3d074ab81f22b4e985d79e8738f720f8"
  
  asynckit@^0.4.0:
    version "0.4.0"
    resolved "http://npmo.dc.xing.com:8080/a/asynckit/_attachments/asynckit-0.4.0.tgz#c79ed97f7f34cb8f2ba1bc9790bcc366474b4b79"
  
  aws-sign2@~0.6.0:
    version "0.6.0"
    resolved "http://npmo.dc.xing.com:8080/a/aws-sign2/_attachments/aws-sign2-0.6.0.tgz#14342dd38dbcc94d0e5b87d763cd63612c0e794f"
  
  aws4@^1.2.1:
    version "1.6.0"
    resolved "http://npmo.dc.xing.com:8080/a/aws4/_attachments/aws4-1.6.0.tgz#83ef5ca860b2b32e4a0deedee8c771b9db57471e"
  
  balanced-match@^1.0.0:
    version "1.0.0"
    resolved "http://npmo.dc.xing.com:8080/b/balanced-match/_attachments/balanced-match-1.0.0.tgz#89b4d199ab2bee49de164ea02b89ce462d71b767"
  
  bcrypt-pbkdf@^1.0.0:
    version "1.0.1"
    resolved "http://npmo.dc.xing.com:8080/b/bcrypt-pbkdf/_attachments/bcrypt-pbkdf-1.0.1.tgz#63bc5dcb61331b92bc05fd528953c33462a06f8d"
    dependencies:
      tweetnacl "^0.14.3"
  
  bindings@1.2.1:
    version "1.2.1"
    resolved "http://npmo.dc.xing.com:8080/b/bindings/_attachments/bindings-1.2.1.tgz#14ad6113812d2d37d72e67b4cacb4bb726505f11"
  
  block-stream@*:
    version "0.0.9"
    resolved "http://npmo.dc.xing.com:8080/b/block-stream/_attachments/block-stream-0.0.9.tgz#13ebfe778a03205cfe03751481ebb4b3300c126a"
    dependencies:
      inherits "~2.0.0"
  
  body-parser@1.18.2:
    version "1.18.2"
    resolved "http://npmo.dc.xing.com:8080/b/body-parser/_attachments/body-parser-1.18.2.tgz#87678a19d84b47d859b83199bd59bce222b10454"
    dependencies:
      bytes "3.0.0"
      content-type "~1.0.4"
      debug "2.6.9"
      depd "~1.1.1"
      http-errors "~1.6.2"
      iconv-lite "0.4.19"
      on-finished "~2.3.0"
      qs "6.5.1"
      raw-body "2.3.2"
      type-is "~1.6.15"
  
  boom@2.x.x:
    version "2.10.1"
    resolved "http://npmo.dc.xing.com:8080/b/boom/_attachments/boom-2.10.1.tgz#39c8918ceff5799f83f9492a848f625add0c766f"
    dependencies:
      hoek "2.x.x"
  
  brace-expansion@^1.1.7:
    version "1.1.8"
    resolved "http://npmo.dc.xing.com:8080/b/brace-expansion/_attachments/brace-expansion-1.1.8.tgz#c07b211c7c952ec1f8efd51a77ef0d1d3990a292"
    dependencies:
      balanced-match "^1.0.0"
      concat-map "0.0.1"
  
  bytes@3.0.0:
    version "3.0.0"
    resolved "http://npmo.dc.xing.com:8080/b/bytes/_attachments/bytes-3.0.0.tgz#d32815404d689699f85a4ea4fa8755dd13a96048"
  
  caseless@~0.12.0:
    version "0.12.0"
    resolved "http://npmo.dc.xing.com:8080/c/caseless/_attachments/caseless-0.12.0.tgz#1b681c21ff84033c826543090689420d187151dc"
  
  co@^4.6.0:
    version "4.6.0"
    resolved "http://npmo.dc.xing.com:8080/c/co/_attachments/co-4.6.0.tgz#6ea6bdf3d853ae54ccb8e47bfa0bf3f9031fb184"
  
  code-point-at@^1.0.0:
    version "1.1.0"
    resolved "http://npmo.dc.xing.com:8080/c/code-point-at/_attachments/code-point-at-1.1.0.tgz#0d070b4d043a5bea33a2f1a40e2edb3d9a4ccf77"
  
  combined-stream@^1.0.5, combined-stream@~1.0.5:
    version "1.0.5"
    resolved "http://npmo.dc.xing.com:8080/c/combined-stream/_attachments/combined-stream-1.0.5.tgz#938370a57b4a51dea2c77c15d5c5fdf895164009"
    dependencies:
      delayed-stream "~1.0.0"
  
  commander@^2.9.0:
    version "2.11.0"
    resolved "http://npmo.dc.xing.com:8080/c/commander/_attachments/commander-2.11.0.tgz#157152fd1e7a6c8d98a5b715cf376df928004563"
  
  concat-map@0.0.1:
    version "0.0.1"
    resolved "http://npmo.dc.xing.com:8080/c/concat-map/_attachments/concat-map-0.0.1.tgz#d8a96bd77fd68df7793a73036a3ba0d5405d477b"
  
  console-control-strings@^1.0.0, console-control-strings@~1.1.0:
    version "1.1.0"
    resolved "http://npmo.dc.xing.com:8080/c/console-control-strings/_attachments/console-control-strings-1.1.0.tgz#3d7cf4464db6446ea644bf4b39507f9851008e8e"
  
  content-disposition@0.5.2:
    version "0.5.2"
    resolved "http://npmo.dc.xing.com:8080/c/content-disposition/_attachments/content-disposition-0.5.2.tgz#0cf68bb9ddf5f2be7961c3a85178cb85dba78cb4"
  
  content-type@~1.0.4:
    version "1.0.4"
    resolved "http://npmo.dc.xing.com:8080/c/content-type/_attachments/content-type-1.0.4.tgz#e138cc75e040c727b1966fe5e5f8c9aee256fe3b"
  
  cookie-signature@1.0.6:
    version "1.0.6"
    resolved "http://npmo.dc.xing.com:8080/c/cookie-signature/_attachments/cookie-signature-1.0.6.tgz#e303a882b342cc3ee8ca513a79999734dab3ae2c"
  
  cookie@0.3.1:
    version "0.3.1"
    resolved "http://npmo.dc.xing.com:8080/c/cookie/_attachments/cookie-0.3.1.tgz#e7e0a1f9ef43b4c8ba925c5c5a96e806d16873bb"
  
  core-util-is@1.0.2, core-util-is@~1.0.0:
    version "1.0.2"
    resolved "http://npmo.dc.xing.com:8080/c/core-util-is/_attachments/core-util-is-1.0.2.tgz#b5fd54220aa2bc5ab57aab7140c940754503c1a7"
  
  cryptiles@2.x.x:
    version "2.0.5"
    resolved "http://npmo.dc.xing.com:8080/c/cryptiles/_attachments/cryptiles-2.0.5.tgz#3bdfecdc608147c1c67202fa291e7dca59eaa3b8"
    dependencies:
      boom "2.x.x"
  
  dashdash@^1.12.0:
    version "1.14.1"
    resolved "http://npmo.dc.xing.com:8080/d/dashdash/_attachments/dashdash-1.14.1.tgz#853cfa0f7cbe2fed5de20326b8dd581035f6e2f0"
    dependencies:
      assert-plus "^1.0.0"
  
  debug@2.6.9, debug@^2.2.0, debug@^2.3.2:
    version "2.6.9"
    resolved "http://npmo.dc.xing.com:8080/d/debug/_attachments/debug-2.6.9.tgz#5d128515df134ff327e90a4c93f4e077a536341f"
    dependencies:
      ms "2.0.0"
  
  deep-extend@~0.4.0:
    version "0.4.2"
    resolved "http://npmo.dc.xing.com:8080/d/deep-extend/_attachments/deep-extend-0.4.2.tgz#48b699c27e334bf89f10892be432f6e4c7d34a7f"
  
  define-properties@^1.1.2:
    version "1.1.2"
    resolved "http://npmo.dc.xing.com:8080/d/define-properties/_attachments/define-properties-1.1.2.tgz#83a73f2fea569898fb737193c8f873caf6d45c94"
    dependencies:
      foreach "^2.0.5"
      object-keys "^1.0.8"
  
  delayed-stream@~1.0.0:
    version "1.0.0"
    resolved "http://npmo.dc.xing.com:8080/d/delayed-stream/_attachments/delayed-stream-1.0.0.tgz#df3ae199acadfb7d440aaae0b29e2272b24ec619"
  
  delegates@^1.0.0:
    version "1.0.0"
    resolved "http://npmo.dc.xing.com:8080/d/delegates/_attachments/delegates-1.0.0.tgz#84c6e159b81904fdca59a0ef44cd870d31250f9a"
  
  depd@1.1.1, depd@~1.1.1:
    version "1.1.1"
    resolved "http://npmo.dc.xing.com:8080/d/depd/_attachments/depd-1.1.1.tgz#5783b4e1c459f06fa5ca27f991f3d06e7a310359"
  
  destroy@~1.0.4:
    version "1.0.4"
    resolved "http://npmo.dc.xing.com:8080/d/destroy/_attachments/destroy-1.0.4.tgz#978857442c44749e4206613e37946205826abd80"
  
  detect-libc@^1.0.2:
    version "1.0.2"
    resolved "http://npmo.dc.xing.com:8080/d/detect-libc/_attachments/detect-libc-1.0.2.tgz#71ad5d204bf17a6a6ca8f450c61454066ef461e1"
  
  ecc-jsbn@~0.1.1:
    version "0.1.1"
    resolved "http://npmo.dc.xing.com:8080/e/ecc-jsbn/_attachments/ecc-jsbn-0.1.1.tgz#0fc73a9ed5f0d53c38193398523ef7e543777505"
    dependencies:
      jsbn "~0.1.0"
  
  ee-first@1.1.1:
    version "1.1.1"
    resolved "http://npmo.dc.xing.com:8080/e/ee-first/_attachments/ee-first-1.1.1.tgz#590c61156b0ae2f4f0255732a158b266bc56b21d"
  
  encodeurl@~1.0.1:
    version "1.0.1"
    resolved "http://npmo.dc.xing.com:8080/e/encodeurl/_attachments/encodeurl-1.0.1.tgz#79e3d58655346909fe6f0f45a5de68103b294d20"
  
  escape-html@~1.0.3:
    version "1.0.3"
    resolved "http://npmo.dc.xing.com:8080/e/escape-html/_attachments/escape-html-1.0.3.tgz#0258eae4d3d0c0974de1c169188ef0051d1d1988"
  
  etag@~1.8.1:
    version "1.8.1"
    resolved "http://npmo.dc.xing.com:8080/e/etag/_attachments/etag-1.8.1.tgz#41ae2eeb65efa62268aebfea83ac7d79299b0887"
  
  express@^4.16.2:
    version "4.16.2"
    resolved "http://npmo.dc.xing.com:8080/e/express/_attachments/express-4.16.2.tgz#e35c6dfe2d64b7dca0a5cd4f21781be3299e076c"
    dependencies:
      accepts "~1.3.4"
      array-flatten "1.1.1"
      body-parser "1.18.2"
      content-disposition "0.5.2"
      content-type "~1.0.4"
      cookie "0.3.1"
      cookie-signature "1.0.6"
      debug "2.6.9"
      depd "~1.1.1"
      encodeurl "~1.0.1"
      escape-html "~1.0.3"
      etag "~1.8.1"
      finalhandler "1.1.0"
      fresh "0.5.2"
      merge-descriptors "1.0.1"
      methods "~1.1.2"
      on-finished "~2.3.0"
      parseurl "~1.3.2"
      path-to-regexp "0.1.7"
      proxy-addr "~2.0.2"
      qs "6.5.1"
      range-parser "~1.2.0"
      safe-buffer "5.1.1"
      send "0.16.1"
      serve-static "1.13.1"
      setprototypeof "1.1.0"
      statuses "~1.3.1"
      type-is "~1.6.15"
      utils-merge "1.0.1"
      vary "~1.1.2"
  
  extend@~3.0.0:
    version "3.0.1"
    resolved "http://npmo.dc.xing.com:8080/e/extend/_attachments/extend-3.0.1.tgz#a755ea7bc1adfcc5a31ce7e762dbaadc5e636444"
  
  extsprintf@1.3.0, extsprintf@^1.2.0:
    version "1.3.0"
    resolved "http://npmo.dc.xing.com:8080/e/extsprintf/_attachments/extsprintf-1.3.0.tgz#96918440e3041a7a414f8c52e3c574eb3c3e1e05"
  
  finalhandler@1.1.0:
    version "1.1.0"
    resolved "http://npmo.dc.xing.com:8080/f/finalhandler/_attachments/finalhandler-1.1.0.tgz#ce0b6855b45853e791b2fcc680046d88253dd7f5"
    dependencies:
      debug "2.6.9"
      encodeurl "~1.0.1"
      escape-html "~1.0.3"
      on-finished "~2.3.0"
      parseurl "~1.3.2"
      statuses "~1.3.1"
      unpipe "~1.0.0"
  
  foreach@^2.0.5:
    version "2.0.5"
    resolved "http://npmo.dc.xing.com:8080/f/foreach/_attachments/foreach-2.0.5.tgz#0bee005018aeb260d0a3af3ae658dd0136ec1b99"
  
  forever-agent@~0.6.1:
    version "0.6.1"
    resolved "http://npmo.dc.xing.com:8080/f/forever-agent/_attachments/forever-agent-0.6.1.tgz#fbc71f0c41adeb37f96c577ad1ed42d8fdacca91"
  
  form-data@~2.1.1:
    version "2.1.4"
    resolved "http://npmo.dc.xing.com:8080/f/form-data/_attachments/form-data-2.1.4.tgz#33c183acf193276ecaa98143a69e94bfee1750d1"
    dependencies:
      asynckit "^0.4.0"
      combined-stream "^1.0.5"
      mime-types "^2.1.12"
  
  forwarded@~0.1.2:
    version "0.1.2"
    resolved "http://npmo.dc.xing.com:8080/f/forwarded/_attachments/forwarded-0.1.2.tgz#98c23dab1175657b8c0573e8ceccd91b0ff18c84"
  
  fresh@0.5.2:
    version "0.5.2"
    resolved "http://npmo.dc.xing.com:8080/f/fresh/_attachments/fresh-0.5.2.tgz#3d8cadd90d976569fa835ab1f8e4b23a105605a7"
  
  fs.realpath@^1.0.0:
    version "1.0.0"
    resolved "http://npmo.dc.xing.com:8080/f/fs.realpath/_attachments/fs.realpath-1.0.0.tgz#1504ad2523158caa40db4a2787cb01411994ea4f"
  
  fstream-ignore@^1.0.5:
    version "1.0.5"
    resolved "http://npmo.dc.xing.com:8080/f/fstream-ignore/_attachments/fstream-ignore-1.0.5.tgz#9c31dae34767018fe1d249b24dada67d092da105"
    dependencies:
      fstream "^1.0.0"
      inherits "2"
      minimatch "^3.0.0"
  
  fstream@^1.0.0, fstream@^1.0.10, fstream@^1.0.2:
    version "1.0.11"
    resolved "http://npmo.dc.xing.com:8080/f/fstream/_attachments/fstream-1.0.11.tgz#5c1fb1f117477114f0632a0eb4b71b3cb0fd3171"
    dependencies:
      graceful-fs "^4.1.2"
      inherits "~2.0.0"
      mkdirp ">=0.5 0"
      rimraf "2"
  
  function-bind@^1.1.0:
    version "1.1.1"
    resolved "http://npmo.dc.xing.com:8080/f/function-bind/_attachments/function-bind-1.1.1.tgz#a56899d3ea3c9bab874bb9773b7c5ede92f4895d"
  
  gauge@~2.7.3:
    version "2.7.4"
    resolved "http://npmo.dc.xing.com:8080/g/gauge/_attachments/gauge-2.7.4.tgz#2c03405c7538c39d7eb37b317022e325fb018bf7"
    dependencies:
      aproba "^1.0.3"
      console-control-strings "^1.0.0"
      has-unicode "^2.0.0"
      object-assign "^4.1.0"
      signal-exit "^3.0.0"
      string-width "^1.0.1"
      strip-ansi "^3.0.1"
      wide-align "^1.1.0"
  
  getpass@^0.1.1:
    version "0.1.7"
    resolved "http://npmo.dc.xing.com:8080/g/getpass/_attachments/getpass-0.1.7.tgz#5eff8e3e684d569ae4cb2b1282604e8ba62149fa"
    dependencies:
      assert-plus "^1.0.0"
  
  glob@^7.0.5:
    version "7.1.2"
    resolved "http://npmo.dc.xing.com:8080/g/glob/_attachments/glob-7.1.2.tgz#c19c9df9a028702d678612384a6552404c636d15"
    dependencies:
      fs.realpath "^1.0.0"
      inflight "^1.0.4"
      inherits "2"
      minimatch "^3.0.4"
      once "^1.3.0"
      path-is-absolute "^1.0.0"
  
  graceful-fs@^4.1.2:
    version "4.1.11"
    resolved "http://npmo.dc.xing.com:8080/g/graceful-fs/_attachments/graceful-fs-4.1.11.tgz#0e8bdfe4d1ddb8854d64e04ea7c00e2a026e5658"
  
  har-schema@^1.0.5:
    version "1.0.5"
    resolved "http://npmo.dc.xing.com:8080/h/har-schema/_attachments/har-schema-1.0.5.tgz#d263135f43307c02c602afc8fe95970c0151369e"
  
  har-validator@~4.2.1:
    version "4.2.1"
    resolved "http://npmo.dc.xing.com:8080/h/har-validator/_attachments/har-validator-4.2.1.tgz#33481d0f1bbff600dd203d75812a6a5fba002e2a"
    dependencies:
      ajv "^4.9.1"
      har-schema "^1.0.5"
  
  has-unicode@^2.0.0:
    version "2.0.1"
    resolved "http://npmo.dc.xing.com:8080/h/has-unicode/_attachments/has-unicode-2.0.1.tgz#e0e6fe6a28cf51138855e086d1691e771de2a8b9"
  
  hawk@3.1.3, hawk@~3.1.3:
    version "3.1.3"
    resolved "http://npmo.dc.xing.com:8080/h/hawk/_attachments/hawk-3.1.3.tgz#078444bd7c1640b0fe540d2c9b73d59678e8e1c4"
    dependencies:
      boom "2.x.x"
      cryptiles "2.x.x"
      hoek "2.x.x"
      sntp "1.x.x"
  
  hoek@2.x.x:
    version "2.16.3"
    resolved "http://npmo.dc.xing.com:8080/h/hoek/_attachments/hoek-2.16.3.tgz#20bb7403d3cea398e91dc4710a8ff1b8274a25ed"
  
  http-errors@1.6.2, http-errors@~1.6.2:
    version "1.6.2"
    resolved "http://npmo.dc.xing.com:8080/h/http-errors/_attachments/http-errors-1.6.2.tgz#0a002cc85707192a7e7946ceedc11155f60ec736"
    dependencies:
      depd "1.1.1"
      inherits "2.0.3"
      setprototypeof "1.0.3"
      statuses ">= 1.3.1 < 2"
  
  http-signature@~1.1.0:
    version "1.1.1"
    resolved "http://npmo.dc.xing.com:8080/h/http-signature/_attachments/http-signature-1.1.1.tgz#df72e267066cd0ac67fb76adf8e134a8fbcf91bf"
    dependencies:
      assert-plus "^0.2.0"
      jsprim "^1.2.2"
      sshpk "^1.7.0"
  
  http@^0.0.0:
    version "0.0.0"
    resolved "http://npmo.dc.xing.com:8080/h/http/_attachments/http-0.0.0.tgz#86e6326d29c5d039de9fac584a45689f929f4f72"
  
  iconv-lite@0.4.19:
    version "0.4.19"
    resolved "http://npmo.dc.xing.com:8080/i/iconv-lite/_attachments/iconv-lite-0.4.19.tgz#f7468f60135f5e5dad3399c0a81be9a1603a082b"
  
  immediate@~3.0.5:
    version "3.0.6"
    resolved "http://npmo.dc.xing.com:8080/i/immediate/_attachments/immediate-3.0.6.tgz#9db1dbd0faf8de6fbe0f5dd5e56bb606280de69b"
  
  inflight@^1.0.4:
    version "1.0.6"
    resolved "http://npmo.dc.xing.com:8080/i/inflight/_attachments/inflight-1.0.6.tgz#49bd6331d7d02d0c09bc910a1075ba8165b56df9"
    dependencies:
      once "^1.3.0"
      wrappy "1"
  
  inherits@2, inherits@2.0.3, inherits@~2.0.0, inherits@~2.0.3:
    version "2.0.3"
    resolved "http://npmo.dc.xing.com:8080/i/inherits/_attachments/inherits-2.0.3.tgz#633c2c83e3da42a502f52466022480f4208261de"
  
  ini@~1.3.0:
    version "1.3.4"
    resolved "http://npmo.dc.xing.com:8080/i/ini/_attachments/ini-1.3.4.tgz#0537cb79daf59b59a1a517dff706c86ec039162e"
  
  ipaddr.js@1.5.2:
    version "1.5.2"
    resolved "http://npmo.dc.xing.com:8080/i/ipaddr.js/_attachments/ipaddr.js-1.5.2.tgz#d4b505bde9946987ccf0fc58d9010ff9607e3fa0"
  
  is-fullwidth-code-point@^1.0.0:
    version "1.0.0"
    resolved "http://npmo.dc.xing.com:8080/i/is-fullwidth-code-point/_attachments/is-fullwidth-code-point-1.0.0.tgz#ef9e31386f031a7f0d643af82fde50c457ef00cb"
    dependencies:
      number-is-nan "^1.0.0"
  
  is-typedarray@~1.0.0:
    version "1.0.0"
    resolved "http://npmo.dc.xing.com:8080/i/is-typedarray/_attachments/is-typedarray-1.0.0.tgz#e479c80858df0c1b11ddda6940f96011fcda4a9a"
  
  isarray@~1.0.0:
    version "1.0.0"
    resolved "http://npmo.dc.xing.com:8080/i/isarray/_attachments/isarray-1.0.0.tgz#bb935d48582cba168c06834957a54a3e07124f11"
  
  isstream@~0.1.2:
    version "0.1.2"
    resolved "http://npmo.dc.xing.com:8080/i/isstream/_attachments/isstream-0.1.2.tgz#47e63f7af55afa6f92e1500e690eb8b8529c099a"
  
  jsbn@~0.1.0:
    version "0.1.1"
    resolved "http://npmo.dc.xing.com:8080/j/jsbn/_attachments/jsbn-0.1.1.tgz#a5e654c2e5a2deb5f201d96cefbca80c0ef2f513"
  
  json-schema@0.2.3:
    version "0.2.3"
    resolved "http://npmo.dc.xing.com:8080/j/json-schema/_attachments/json-schema-0.2.3.tgz#b480c892e59a2f05954ce727bd3f2a4e882f9e13"
  
  json-stable-stringify@^1.0.1:
    version "1.0.1"
    resolved "http://npmo.dc.xing.com:8080/j/json-stable-stringify/_attachments/json-stable-stringify-1.0.1.tgz#9a759d39c5f2ff503fd5300646ed445f88c4f9af"
    dependencies:
      jsonify "~0.0.0"
  
  json-stringify-safe@~5.0.1:
    version "5.0.1"
    resolved "http://npmo.dc.xing.com:8080/j/json-stringify-safe/_attachments/json-stringify-safe-5.0.1.tgz#1296a2d58fd45f19a0f6ce01d65701e2c735b6eb"
  
  jsonify@~0.0.0:
    version "0.0.0"
    resolved "http://npmo.dc.xing.com:8080/j/jsonify/_attachments/jsonify-0.0.0.tgz#2c74b6ee41d93ca51b7b5aaee8f503631d252a73"
  
  jsprim@^1.2.2:
    version "1.4.1"
    resolved "http://npmo.dc.xing.com:8080/j/jsprim/_attachments/jsprim-1.4.1.tgz#313e66bc1e5cc06e438bc1b7499c2e5c56acb6a2"
    dependencies:
      assert-plus "1.0.0"
      extsprintf "1.3.0"
      json-schema "0.2.3"
      verror "1.10.0"
  
  lie@^3.1.0:
    version "3.1.1"
    resolved "http://npmo.dc.xing.com:8080/l/lie/_attachments/lie-3.1.1.tgz#9a436b2cc7746ca59de7a41fa469b3efb76bd87e"
    dependencies:
      immediate "~3.0.5"
  
  long@3.2.0:
    version "3.2.0"
    resolved "http://npmo.dc.xing.com:8080/l/long/_attachments/long-3.2.0.tgz#d821b7138ca1cb581c172990ef14db200b5c474b"
  
  media-typer@0.3.0:
    version "0.3.0"
    resolved "http://npmo.dc.xing.com:8080/m/media-typer/_attachments/media-typer-0.3.0.tgz#8710d7af0aa626f8fffa1ce00168545263255748"
  
  merge-descriptors@1.0.1:
    version "1.0.1"
    resolved "http://npmo.dc.xing.com:8080/m/merge-descriptors/_attachments/merge-descriptors-1.0.1.tgz#b00aaa556dd8b44568150ec9d1b953f3f90cbb61"
  
  methods@~1.1.2:
    version "1.1.2"
    resolved "http://npmo.dc.xing.com:8080/m/methods/_attachments/methods-1.1.2.tgz#5529a4d67654134edcc5266656835b0f851afcee"
  
  mime-db@~1.30.0:
    version "1.30.0"
    resolved "http://npmo.dc.xing.com:8080/m/mime-db/_attachments/mime-db-1.30.0.tgz#74c643da2dd9d6a45399963465b26d5ca7d71f01"
  
  mime-types@^2.1.12, mime-types@~2.1.15, mime-types@~2.1.16, mime-types@~2.1.7:
    version "2.1.17"
    resolved "http://npmo.dc.xing.com:8080/m/mime-types/_attachments/mime-types-2.1.17.tgz#09d7a393f03e995a79f8af857b70a9e0ab16557a"
    dependencies:
      mime-db "~1.30.0"
  
  mime@1.4.1:
    version "1.4.1"
    resolved "http://npmo.dc.xing.com:8080/m/mime/_attachments/mime-1.4.1.tgz#121f9ebc49e3766f311a76e1fa1c8003c4b03aa6"
  
  minimatch@^3.0.0, minimatch@^3.0.4:
    version "3.0.4"
    resolved "http://npmo.dc.xing.com:8080/m/minimatch/_attachments/minimatch-3.0.4.tgz#5166e286457f03306064be5497e8dbb0c3d32083"
    dependencies:
      brace-expansion "^1.1.7"
  
  minimist@0.0.8:
    version "0.0.8"
    resolved "http://npmo.dc.xing.com:8080/m/minimist/_attachments/minimist-0.0.8.tgz#857fcabfc3397d2625b8228262e86aa7a011b05d"
  
  minimist@^1.2.0:
    version "1.2.0"
    resolved "http://npmo.dc.xing.com:8080/m/minimist/_attachments/minimist-1.2.0.tgz#a35008b20f41383eec1fb914f4cd5df79a264284"
  
  "mkdirp@>=0.5 0", mkdirp@^0.5.1:
    version "0.5.1"
    resolved "http://npmo.dc.xing.com:8080/m/mkdirp/_attachments/mkdirp-0.5.1.tgz#30057438eac6cf7f8c4767f38648d6697d75c903"
    dependencies:
      minimist "0.0.8"
  
  ms@2.0.0:
    version "2.0.0"
    resolved "http://npmo.dc.xing.com:8080/m/ms/_attachments/ms-2.0.0.tgz#5608aeadfc00be6c2901df5f9861788de0d597c8"
  
  nan@^2.4.0:
    version "2.7.0"
    resolved "http://npmo.dc.xing.com:8080/n/nan/_attachments/nan-2.7.0.tgz#d95bf721ec877e08db276ed3fc6eb78f9083ad46"
  
  negotiator@0.6.1:
    version "0.6.1"
    resolved "http://npmo.dc.xing.com:8080/n/negotiator/_attachments/negotiator-0.6.1.tgz#2b327184e8992101177b28563fb5e7102acd0ca9"
  
  node-pre-gyp@^0.6.32:
    version "0.6.39"
    resolved "http://npmo.dc.xing.com:8080/n/node-pre-gyp/_attachments/node-pre-gyp-0.6.39.tgz#c00e96860b23c0e1420ac7befc5044e1d78d8649"
    dependencies:
      detect-libc "^1.0.2"
      hawk "3.1.3"
      mkdirp "^0.5.1"
      nopt "^4.0.1"
      npmlog "^4.0.2"
      rc "^1.1.7"
      request "2.81.0"
      rimraf "^2.6.1"
      semver "^5.3.0"
      tar "^2.2.1"
      tar-pack "^3.4.0"
  
  nopt@^4.0.1:
    version "4.0.1"
    resolved "http://npmo.dc.xing.com:8080/n/nopt/_attachments/nopt-4.0.1.tgz#d0d4685afd5415193c8c7505602d0d17cd64474d"
    dependencies:
      abbrev "1"
      osenv "^0.1.4"
  
  npmlog@^4.0.2:
    version "4.1.2"
    resolved "http://npmo.dc.xing.com:8080/n/npmlog/_attachments/npmlog-4.1.2.tgz#08a7f2a8bf734604779a9efa4ad5cc717abb954b"
    dependencies:
      are-we-there-yet "~1.1.2"
      console-control-strings "~1.1.0"
      gauge "~2.7.3"
      set-blocking "~2.0.0"
  
  number-is-nan@^1.0.0:
    version "1.0.1"
    resolved "http://npmo.dc.xing.com:8080/n/number-is-nan/_attachments/number-is-nan-1.0.1.tgz#097b602b53422a522c1afb8790318336941a011d"
  
  oauth-sign@~0.8.1:
    version "0.8.2"
    resolved "http://npmo.dc.xing.com:8080/o/oauth-sign/_attachments/oauth-sign-0.8.2.tgz#46a6ab7f0aead8deae9ec0565780b7d4efeb9d43"
  
  object-assign@^4.1.0:
    version "4.1.1"
    resolved "http://npmo.dc.xing.com:8080/o/object-assign/_attachments/object-assign-4.1.1.tgz#2109adc7965887cfc05cbbd442cac8bfbb360863"
  
  object-keys@^1.0.10, object-keys@^1.0.8:
    version "1.0.11"
    resolved "http://npmo.dc.xing.com:8080/o/object-keys/_attachments/object-keys-1.0.11.tgz#c54601778ad560f1142ce0e01bcca8b56d13426d"
  
  object.assign@^4.0.3:
    version "4.0.4"
    resolved "http://npmo.dc.xing.com:8080/o/object.assign/_attachments/object.assign-4.0.4.tgz#b1c9cc044ef1b9fe63606fc141abbb32e14730cc"
    dependencies:
      define-properties "^1.1.2"
      function-bind "^1.1.0"
      object-keys "^1.0.10"
  
  on-finished@~2.3.0:
    version "2.3.0"
    resolved "http://npmo.dc.xing.com:8080/o/on-finished/_attachments/on-finished-2.3.0.tgz#20f1336481b083cd75337992a16971aa2d906947"
    dependencies:
      ee-first "1.1.1"
  
  once@^1.3.0, once@^1.3.3:
    version "1.4.0"
    resolved "http://npmo.dc.xing.com:8080/o/once/_attachments/once-1.4.0.tgz#583b1aa775961d4b113ac17d9c50baef9dd76bd1"
    dependencies:
      wrappy "1"
  
  options@>=0.0.5:
    version "0.0.6"
    resolved "http://npmo.dc.xing.com:8080/o/options/_attachments/options-0.0.6.tgz#ec22d312806bb53e731773e7cdaefcf1c643128f"
  
  os-homedir@^1.0.0:
    version "1.0.2"
    resolved "http://npmo.dc.xing.com:8080/o/os-homedir/_attachments/os-homedir-1.0.2.tgz#ffbc4988336e0e833de0c168c7ef152121aa7fb3"
  
  os-tmpdir@^1.0.0:
    version "1.0.2"
    resolved "http://npmo.dc.xing.com:8080/o/os-tmpdir/_attachments/os-tmpdir-1.0.2.tgz#bbe67406c79aa85c5cfec766fe5734555dfa1274"
  
  osc@^2.2.0:
    version "2.2.0"
    resolved "http://npmo.dc.xing.com:8080/o/osc/_attachments/osc-2.2.0.tgz#c5db0a0e8823302da3d3207bae02c656cecf8b06"
    dependencies:
      long "3.2.0"
      serialport "4.0.7"
      slip "1.0.2"
      wolfy87-eventemitter "5.0.0"
      ws "1.1.1"
  
  osenv@^0.1.4:
    version "0.1.4"
    resolved "http://npmo.dc.xing.com:8080/o/osenv/_attachments/osenv-0.1.4.tgz#42fe6d5953df06c8064be6f176c3d05aaaa34644"
    dependencies:
      os-homedir "^1.0.0"
      os-tmpdir "^1.0.0"
  
  parseurl@~1.3.2:
    version "1.3.2"
    resolved "http://npmo.dc.xing.com:8080/p/parseurl/_attachments/parseurl-1.3.2.tgz#fc289d4ed8993119460c156253262cdc8de65bf3"
  
  path-is-absolute@^1.0.0:
    version "1.0.1"
    resolved "http://npmo.dc.xing.com:8080/p/path-is-absolute/_attachments/path-is-absolute-1.0.1.tgz#174b9268735534ffbc7ace6bf53a5a9e1b5c5f5f"
  
  path-to-regexp@0.1.7:
    version "0.1.7"
    resolved "http://npmo.dc.xing.com:8080/p/path-to-regexp/_attachments/path-to-regexp-0.1.7.tgz#df604178005f522f15eb4490e7247a1bfaa67f8c"
  
  performance-now@^0.2.0:
    version "0.2.0"
    resolved "http://npmo.dc.xing.com:8080/p/performance-now/_attachments/performance-now-0.2.0.tgz#33ef30c5c77d4ea21c5a53869d91b56d8f2555e5"
  
  process-nextick-args@~1.0.6:
    version "1.0.7"
    resolved "http://npmo.dc.xing.com:8080/p/process-nextick-args/_attachments/process-nextick-args-1.0.7.tgz#150e20b756590ad3f91093f25a4f2ad8bff30ba3"
  
  proxy-addr@~2.0.2:
    version "2.0.2"
    resolved "http://npmo.dc.xing.com:8080/p/proxy-addr/_attachments/proxy-addr-2.0.2.tgz#6571504f47bb988ec8180253f85dd7e14952bdec"
    dependencies:
      forwarded "~0.1.2"
      ipaddr.js "1.5.2"
  
  punycode@^1.4.1:
    version "1.4.1"
    resolved "http://npmo.dc.xing.com:8080/p/punycode/_attachments/punycode-1.4.1.tgz#c0d5a63b2718800ad8e1eb0fa5269c84dd41845e"
  
  qs@6.5.1:
    version "6.5.1"
    resolved "http://npmo.dc.xing.com:8080/q/qs/_attachments/qs-6.5.1.tgz#349cdf6eef89ec45c12d7d5eb3fc0c870343a6d8"
  
  qs@~6.4.0:
    version "6.4.0"
    resolved "http://npmo.dc.xing.com:8080/q/qs/_attachments/qs-6.4.0.tgz#13e26d28ad6b0ffaa91312cd3bf708ed351e7233"
  
  range-parser@~1.2.0:
    version "1.2.0"
    resolved "http://npmo.dc.xing.com:8080/r/range-parser/_attachments/range-parser-1.2.0.tgz#f49be6b487894ddc40dcc94a322f611092e00d5e"
  
  raw-body@2.3.2:
    version "2.3.2"
    resolved "http://npmo.dc.xing.com:8080/r/raw-body/_attachments/raw-body-2.3.2.tgz#bcd60c77d3eb93cde0050295c3f379389bc88f89"
    dependencies:
      bytes "3.0.0"
      http-errors "1.6.2"
      iconv-lite "0.4.19"
      unpipe "1.0.0"
  
  rc@^1.1.7:
    version "1.2.2"
    resolved "http://npmo.dc.xing.com:8080/r/rc/_attachments/rc-1.2.2.tgz#d8ce9cb57e8d64d9c7badd9876c7c34cbe3c7077"
    dependencies:
      deep-extend "~0.4.0"
      ini "~1.3.0"
      minimist "^1.2.0"
      strip-json-comments "~2.0.1"
  
  readable-stream@^2.0.6, readable-stream@^2.1.4:
    version "2.3.3"
    resolved "http://npmo.dc.xing.com:8080/r/readable-stream/_attachments/readable-stream-2.3.3.tgz#368f2512d79f9d46fdfc71349ae7878bbc1eb95c"
    dependencies:
      core-util-is "~1.0.0"
      inherits "~2.0.3"
      isarray "~1.0.0"
      process-nextick-args "~1.0.6"
      safe-buffer "~5.1.1"
      string_decoder "~1.0.3"
      util-deprecate "~1.0.1"
  
  request@2.81.0:
    version "2.81.0"
    resolved "http://npmo.dc.xing.com:8080/r/request/_attachments/request-2.81.0.tgz#c6928946a0e06c5f8d6f8a9333469ffda46298a0"
    dependencies:
      aws-sign2 "~0.6.0"
      aws4 "^1.2.1"
      caseless "~0.12.0"
      combined-stream "~1.0.5"
      extend "~3.0.0"
      forever-agent "~0.6.1"
      form-data "~2.1.1"
      har-validator "~4.2.1"
      hawk "~3.1.3"
      http-signature "~1.1.0"
      is-typedarray "~1.0.0"
      isstream "~0.1.2"
      json-stringify-safe "~5.0.1"
      mime-types "~2.1.7"
      oauth-sign "~0.8.1"
      performance-now "^0.2.0"
      qs "~6.4.0"
      safe-buffer "^5.0.1"
      stringstream "~0.0.4"
      tough-cookie "~2.3.0"
      tunnel-agent "^0.6.0"
      uuid "^3.0.0"
  
  rimraf@2, rimraf@^2.5.1, rimraf@^2.6.1:
    version "2.6.2"
    resolved "http://npmo.dc.xing.com:8080/r/rimraf/_attachments/rimraf-2.6.2.tgz#2ed8150d24a16ea8651e6d6ef0f47c4158ce7a36"
    dependencies:
      glob "^7.0.5"
  
  safe-buffer@5.1.1, safe-buffer@^5.0.1, safe-buffer@~5.1.0, safe-buffer@~5.1.1:
    version "5.1.1"
    resolved "http://npmo.dc.xing.com:8080/s/safe-buffer/_attachments/safe-buffer-5.1.1.tgz#893312af69b2123def71f57889001671eeb2c853"
  
  semver@^5.3.0:
    version "5.4.1"
    resolved "http://npmo.dc.xing.com:8080/s/semver/_attachments/semver-5.4.1.tgz#e059c09d8571f0540823733433505d3a2f00b18e"
  
  send@0.16.1:
    version "0.16.1"
    resolved "http://npmo.dc.xing.com:8080/s/send/_attachments/send-0.16.1.tgz#a70e1ca21d1382c11d0d9f6231deb281080d7ab3"
    dependencies:
      debug "2.6.9"
      depd "~1.1.1"
      destroy "~1.0.4"
      encodeurl "~1.0.1"
      escape-html "~1.0.3"
      etag "~1.8.1"
      fresh "0.5.2"
      http-errors "~1.6.2"
      mime "1.4.1"
      ms "2.0.0"
      on-finished "~2.3.0"
      range-parser "~1.2.0"
      statuses "~1.3.1"
  
  serialport@4.0.7:
    version "4.0.7"
    resolved "http://npmo.dc.xing.com:8080/s/serialport/_attachments/serialport-4.0.7.tgz#421c618a8a612bd40cfa461b4a46154daf2229a5"
    dependencies:
      bindings "1.2.1"
      commander "^2.9.0"
      debug "^2.3.2"
      lie "^3.1.0"
      nan "^2.4.0"
      node-pre-gyp "^0.6.32"
      object.assign "^4.0.3"
  
  serve-static@1.13.1:
    version "1.13.1"
    resolved "http://npmo.dc.xing.com:8080/s/serve-static/_attachments/serve-static-1.13.1.tgz#4c57d53404a761d8f2e7c1e8a18a47dbf278a719"
    dependencies:
      encodeurl "~1.0.1"
      escape-html "~1.0.3"
      parseurl "~1.3.2"
      send "0.16.1"
  
  set-blocking@~2.0.0:
    version "2.0.0"
    resolved "http://npmo.dc.xing.com:8080/s/set-blocking/_attachments/set-blocking-2.0.0.tgz#045f9782d011ae9a6803ddd382b24392b3d890f7"
  
  setprototypeof@1.0.3:
    version "1.0.3"
    resolved "http://npmo.dc.xing.com:8080/s/setprototypeof/_attachments/setprototypeof-1.0.3.tgz#66567e37043eeb4f04d91bd658c0cbefb55b8e04"
  
  setprototypeof@1.1.0:
    version "1.1.0"
    resolved "http://npmo.dc.xing.com:8080/s/setprototypeof/_attachments/setprototypeof-1.1.0.tgz#d0bd85536887b6fe7c0d818cb962d9d91c54e656"
  
  signal-exit@^3.0.0:
    version "3.0.2"
    resolved "http://npmo.dc.xing.com:8080/s/signal-exit/_attachments/signal-exit-3.0.2.tgz#b5fdc08f1287ea1178628e415e25132b73646c6d"
  
  slip@1.0.2:
    version "1.0.2"
    resolved "http://npmo.dc.xing.com:8080/s/slip/_attachments/slip-1.0.2.tgz#ba45a923034d6cf41b1a27aebe7128282c8d551f"
  
  sntp@1.x.x:
    version "1.0.9"
    resolved "http://npmo.dc.xing.com:8080/s/sntp/_attachments/sntp-1.0.9.tgz#6541184cc90aeea6c6e7b35e2659082443c66198"
    dependencies:
      hoek "2.x.x"
  
  sshpk@^1.7.0:
    version "1.13.1"
    resolved "http://npmo.dc.xing.com:8080/s/sshpk/_attachments/sshpk-1.13.1.tgz#512df6da6287144316dc4c18fe1cf1d940739be3"
    dependencies:
      asn1 "~0.2.3"
      assert-plus "^1.0.0"
      dashdash "^1.12.0"
      getpass "^0.1.1"
    optionalDependencies:
      bcrypt-pbkdf "^1.0.0"
      ecc-jsbn "~0.1.1"
      jsbn "~0.1.0"
      tweetnacl "~0.14.0"
  
  "statuses@>= 1.3.1 < 2":
    version "1.4.0"
    resolved "http://npmo.dc.xing.com:8080/s/statuses/_attachments/statuses-1.4.0.tgz#bb73d446da2796106efcc1b601a253d6c46bd087"
  
  statuses@~1.3.1:
    version "1.3.1"
    resolved "http://npmo.dc.xing.com:8080/s/statuses/_attachments/statuses-1.3.1.tgz#faf51b9eb74aaef3b3acf4ad5f61abf24cb7b93e"
  
  string-width@^1.0.1, string-width@^1.0.2:
    version "1.0.2"
    resolved "http://npmo.dc.xing.com:8080/s/string-width/_attachments/string-width-1.0.2.tgz#118bdf5b8cdc51a2a7e70d211e07e2b0b9b107d3"
    dependencies:
      code-point-at "^1.0.0"
      is-fullwidth-code-point "^1.0.0"
      strip-ansi "^3.0.0"
  
  string_decoder@~1.0.3:
    version "1.0.3"
    resolved "http://npmo.dc.xing.com:8080/s/string_decoder/_attachments/string_decoder-1.0.3.tgz#0fc67d7c141825de94282dd536bec6b9bce860ab"
    dependencies:
      safe-buffer "~5.1.0"
  
  stringstream@~0.0.4:
    version "0.0.5"
    resolved "http://npmo.dc.xing.com:8080/s/stringstream/_attachments/stringstream-0.0.5.tgz#4e484cd4de5a0bbbee18e46307710a8a81621878"
  
  strip-ansi@^3.0.0, strip-ansi@^3.0.1:
    version "3.0.1"
    resolved "http://npmo.dc.xing.com:8080/s/strip-ansi/_attachments/strip-ansi-3.0.1.tgz#6a385fb8853d952d5ff05d0e8aaf94278dc63dcf"
    dependencies:
      ansi-regex "^2.0.0"
  
  strip-json-comments@~2.0.1:
    version "2.0.1"
    resolved "http://npmo.dc.xing.com:8080/s/strip-json-comments/_attachments/strip-json-comments-2.0.1.tgz#3c531942e908c2697c0ec344858c286c7ca0a60a"
  
  tar-pack@^3.4.0:
    version "3.4.1"
    resolved "http://npmo.dc.xing.com:8080/t/tar-pack/_attachments/tar-pack-3.4.1.tgz#e1dbc03a9b9d3ba07e896ad027317eb679a10a1f"
    dependencies:
      debug "^2.2.0"
      fstream "^1.0.10"
      fstream-ignore "^1.0.5"
      once "^1.3.3"
      readable-stream "^2.1.4"
      rimraf "^2.5.1"
      tar "^2.2.1"
      uid-number "^0.0.6"
  
  tar@^2.2.1:
    version "2.2.1"
    resolved "http://npmo.dc.xing.com:8080/t/tar/_attachments/tar-2.2.1.tgz#8e4d2a256c0e2185c6b18ad694aec968b83cb1d1"
    dependencies:
      block-stream "*"
      fstream "^1.0.2"
      inherits "2"
  
  tough-cookie@~2.3.0:
    version "2.3.3"
    resolved "http://npmo.dc.xing.com:8080/t/tough-cookie/_attachments/tough-cookie-2.3.3.tgz#0b618a5565b6dea90bf3425d04d55edc475a7561"
    dependencies:
      punycode "^1.4.1"
  
  tunnel-agent@^0.6.0:
    version "0.6.0"
    resolved "http://npmo.dc.xing.com:8080/t/tunnel-agent/_attachments/tunnel-agent-0.6.0.tgz#27a5dea06b36b04a0a9966774b290868f0fc40fd"
    dependencies:
      safe-buffer "^5.0.1"
  
  tweetnacl@^0.14.3, tweetnacl@~0.14.0:
    version "0.14.5"
    resolved "http://npmo.dc.xing.com:8080/t/tweetnacl/_attachments/tweetnacl-0.14.5.tgz#5ae68177f192d4456269d108afa93ff8743f4f64"
  
  type-is@~1.6.15:
    version "1.6.15"
    resolved "http://npmo.dc.xing.com:8080/t/type-is/_attachments/type-is-1.6.15.tgz#cab10fb4909e441c82842eafe1ad646c81804410"
    dependencies:
      media-typer "0.3.0"
      mime-types "~2.1.15"
  
  uid-number@^0.0.6:
    version "0.0.6"
    resolved "http://npmo.dc.xing.com:8080/u/uid-number/_attachments/uid-number-0.0.6.tgz#0ea10e8035e8eb5b8e4449f06da1c730663baa81"
  
  ultron@1.0.x:
    version "1.0.2"
    resolved "http://npmo.dc.xing.com:8080/u/ultron/_attachments/ultron-1.0.2.tgz#ace116ab557cd197386a4e88f4685378c8b2e4fa"
  
  ultron@~1.1.0:
    version "1.1.0"
    resolved "http://npmo.dc.xing.com:8080/u/ultron/_attachments/ultron-1.1.0.tgz#b07a2e6a541a815fc6a34ccd4533baec307ca864"
  
  unpipe@1.0.0, unpipe@~1.0.0:
    version "1.0.0"
    resolved "http://npmo.dc.xing.com:8080/u/unpipe/_attachments/unpipe-1.0.0.tgz#b2bf4ee8514aae6165b4817829d21b2ef49904ec"
  
  util-deprecate@~1.0.1:
    version "1.0.2"
    resolved "http://npmo.dc.xing.com:8080/u/util-deprecate/_attachments/util-deprecate-1.0.2.tgz#450d4dc9fa70de732762fbd2d4a28981419a0ccf"
  
  utils-merge@1.0.1:
    version "1.0.1"
    resolved "http://npmo.dc.xing.com:8080/u/utils-merge/_attachments/utils-merge-1.0.1.tgz#9f95710f50a267947b2ccc124741c1028427e713"
  
  uuid@^3.0.0:
    version "3.1.0"
    resolved "http://npmo.dc.xing.com:8080/u/uuid/_attachments/uuid-3.1.0.tgz#3dd3d3e790abc24d7b0d3a034ffababe28ebbc04"
  
  vary@~1.1.2:
    version "1.1.2"
    resolved "http://npmo.dc.xing.com:8080/v/vary/_attachments/vary-1.1.2.tgz#2299f02c6ded30d4a5961b0b9f74524a18f634fc"
  
  verror@1.10.0:
    version "1.10.0"
    resolved "http://npmo.dc.xing.com:8080/v/verror/_attachments/verror-1.10.0.tgz#3a105ca17053af55d6e270c1f8288682e18da400"
    dependencies:
      assert-plus "^1.0.0"
      core-util-is "1.0.2"
      extsprintf "^1.2.0"
  
  wide-align@^1.1.0:
    version "1.1.2"
    resolved "http://npmo.dc.xing.com:8080/w/wide-align/_attachments/wide-align-1.1.2.tgz#571e0f1b0604636ebc0dfc21b0339bbe31341710"
    dependencies:
      string-width "^1.0.2"
  
  wolfy87-eventemitter@5.0.0:
    version "5.0.0"
    resolved "http://npmo.dc.xing.com:8080/w/wolfy87-eventemitter/_attachments/wolfy87-eventemitter-5.0.0.tgz#8a012e751e16d77f59abb51699c1034d7065a58b"
  
  wrappy@1:
    version "1.0.2"
    resolved "http://npmo.dc.xing.com:8080/w/wrappy/_attachments/wrappy-1.0.2.tgz#b5243d8f3ec1aa35f1364605bc0d1036e30ab69f"
  
  ws@1.1.1:
    version "1.1.1"
    resolved "http://npmo.dc.xing.com:8080/w/ws/_attachments/ws-1.1.1.tgz#082ddb6c641e85d4bb451f03d52f06eabdb1f018"
    dependencies:
      options ">=0.0.5"
      ultron "1.0.x"
  
  ws@^3.3.1:
    version "3.3.1"
    resolved "http://npmo.dc.xing.com:8080/w/ws/_attachments/ws-3.3.1.tgz#d97e34dee06a1190c61ac1e95f43cb60b78cf939"
    dependencies:
      async-limiter "~1.0.0"
      safe-buffer "~5.1.0"
      ultron "~1.1.0"

Trace: 
  Error: http://npmo.dc.xing.com:8080/h/http/_attachments/http-0.0.0.tgz: ETIMEDOUT
      at Timeout._onTimeout (/usr/local/Cellar/yarn/1.3.2/libexec/lib/cli.js:123749:19)
      at ontimeout (timers.js:458:11)
      at tryOnTimeout (timers.js:296:5)
      at Timer.listOnTimeout (timers.js:259:5)
